Arguments: 
  /home/bryan/.nvm/versions/node/v12.14.1/bin/node /home/bryan/.nvm/versions/node/v12.14.1/bin/yarn install

PATH: 
  /home/bryan/.local/bin:/home/bryan/bin:/home/bryan/gems/bin:/home/bryan/gems/bin:/home/bryan/.nvm/versions/node/v12.14.1/bin:/usr/local/sbin:/usr/local/bin:/usr/sbin:/usr/bin:/sbin:/bin:/usr/games:/usr/local/games:/mnt/c/Program Files/WindowsApps/CanonicalGroupLimited.UbuntuonWindows_2004.2020.812.0_x64__79rhkp1fndgsc:/mnt/c/Python27/:/mnt/c/Python27/Scripts:/mnt/c/tools/ruby27/bin:/mnt/c/WINDOWS/system32:/mnt/c/WINDOWS:/mnt/c/WINDOWS/System32/Wbem:/mnt/c/WINDOWS/System32/WindowsPowerShell/v1.0/:/mnt/c/WINDOWS/System32/OpenSSH/:/mnt/c/ProgramData/chocolatey/bin:/mnt/c/tools/php80:/mnt/c/Program Files (x86)/Yarn/bin/:/mnt/c/Program Files/nodejs/:/mnt/c/Program Files/Git LFS:/mnt/c/Program Files (x86)/Brackets/command:/mnt/c/ProgramData/chocolatey/lib/elasticsearch/tools/elasticsearch-7.10.2/bin:/mnt/c/Program Files/Git/cmd:/mnt/c/Program Files/dotnet/:/mnt/c/Users/bryan/AppData/Local/Programs/Python/Python39/Scripts/:/mnt/c/Users/bryan/AppData/Local/Programs/Python/Python39/:/mnt/c/Users/bryan/AppData/Local/Microsoft/WindowsApps:/mnt/c/Users/bryan/AppData/Local/Programs/Microsoft VS Code Insiders/bin:/mnt/c/Users/bryan/AppData/Local/atom/bin:/mnt/c/Program Files/heroku/bin:/mnt/c/Program Files/Oracle/VirtualBox:/mnt/c/Users/bryan/AppData/Local/GitHubDesktop/bin:/mnt/c/Users/bryan/.dotnet/tools:/mnt/c/Users/bryan/AppData/Local/Programs/Microsoft VS Code/bin:/mnt/c/Program Files/JetBrains/PyCharm Community Edition 2020.3.2/bin:/mnt/c/Users/bryan/AppData/Local/Markdown Monster:/mnt/c/Users/bryan/AppData/Local/Yarn/bin:/mnt/c/Program Files (x86)/GitHub CLI/:/mnt/c/Users/bryan/AppData/Roaming/npm:/mnt/c/Users/bryan/AppData/Local/hyper/app-3.0.2/resources/bin:/mnt/c/Users/bryan/.dotnet/tools:/snap/bin

Yarn version: 
  1.22.10

Node version: 
  12.14.1

Platform: 
  linux x64

Trace: 
  Error: EACCES: permission denied, open '/home/bryan/yarn.lock'

npm manifest: 
  {
    "name": "y",
    "version": "y",
    "description": "hi",
    "main": "./",
    "repository": "https://github.com/bgoonz/bgoonz",
    "author": "bryan",
    "license": "yes",
    "private": false
  }

yarn manifest: 
  No manifest

Lockfile: 
  # THIS IS AN AUTOGENERATED FILE. DO NOT EDIT THIS FILE DIRECTLY.
  # yarn lockfile v1
  
  
  postgres@^1.0.2:
    version "1.0.2"
    resolved "https://registry.yarnpkg.com/postgres/-/postgres-1.0.2.tgz#7b9f6769934f727cec0f1d7ef58d4915a327f5dd"
    integrity sha512-zeLgt42KSUNgX/uvo+gbVxTAYwgSY6MIKuU/a8YWuObX4rtGuKrVWopvEAqIAPSO0FeHS1TsSKnqPjoufPy8NA==
