0 info it worked if it ends with ok
1 verbose cli [
1 verbose cli   '/home/bryan/.nvm/versions/node/v14.17.0/bin/node',
1 verbose cli   '/home/bryan/.nvm/versions/node/v14.17.0/bin/npm',
1 verbose cli   'audit',
1 verbose cli   'fix',
1 verbose cli   '-F'
1 verbose cli ]
2 info using npm@6.14.13
3 info using node@v14.17.0
4 verbose config Skipping project config: /home/bryan/.npmrc. (matches userconfig)
5 verbose npm-session cd2472cd5519353d
6 verbose stack Error: No package.json found: Cannot audit a project without a package.json
6 verbose stack     at /home/bryan/.nvm/versions/node/v14.17.0/lib/node_modules/npm/lib/audit.js:164:19
6 verbose stack     at tryCatcher (/home/bryan/.nvm/versions/node/v14.17.0/lib/node_modules/npm/node_modules/bluebird/js/release/util.js:16:23)
6 verbose stack     at Promise._settlePromiseFromHandler (/home/bryan/.nvm/versions/node/v14.17.0/lib/node_modules/npm/node_modules/bluebird/js/release/promise.js:514:35)
6 verbose stack     at Promise._settlePromise (/home/bryan/.nvm/versions/node/v14.17.0/lib/node_modules/npm/node_modules/bluebird/js/release/promise.js:574:18)
6 verbose stack     at Promise._settlePromise0 (/home/bryan/.nvm/versions/node/v14.17.0/lib/node_modules/npm/node_modules/bluebird/js/release/promise.js:619:10)
6 verbose stack     at Promise._settlePromises (/home/bryan/.nvm/versions/node/v14.17.0/lib/node_modules/npm/node_modules/bluebird/js/release/promise.js:699:18)
6 verbose stack     at Promise._fulfill (/home/bryan/.nvm/versions/node/v14.17.0/lib/node_modules/npm/node_modules/bluebird/js/release/promise.js:643:18)
6 verbose stack     at PromiseArray._resolve (/home/bryan/.nvm/versions/node/v14.17.0/lib/node_modules/npm/node_modules/bluebird/js/release/promise_array.js:126:19)
6 verbose stack     at PromiseArray._promiseFulfilled (/home/bryan/.nvm/versions/node/v14.17.0/lib/node_modules/npm/node_modules/bluebird/js/release/promise_array.js:144:14)
6 verbose stack     at PromiseArray._iterate (/home/bryan/.nvm/versions/node/v14.17.0/lib/node_modules/npm/node_modules/bluebird/js/release/promise_array.js:114:31)
6 verbose stack     at PromiseArray.init [as _init] (/home/bryan/.nvm/versions/node/v14.17.0/lib/node_modules/npm/node_modules/bluebird/js/release/promise_array.js:78:10)
6 verbose stack     at Promise._settlePromise (/home/bryan/.nvm/versions/node/v14.17.0/lib/node_modules/npm/node_modules/bluebird/js/release/promise.js:571:21)
6 verbose stack     at Promise._settlePromise0 (/home/bryan/.nvm/versions/node/v14.17.0/lib/node_modules/npm/node_modules/bluebird/js/release/promise.js:619:10)
6 verbose stack     at Promise._settlePromises (/home/bryan/.nvm/versions/node/v14.17.0/lib/node_modules/npm/node_modules/bluebird/js/release/promise.js:699:18)
6 verbose stack     at Promise._fulfill (/home/bryan/.nvm/versions/node/v14.17.0/lib/node_modules/npm/node_modules/bluebird/js/release/promise.js:643:18)
6 verbose stack     at PromiseArray._resolve (/home/bryan/.nvm/versions/node/v14.17.0/lib/node_modules/npm/node_modules/bluebird/js/release/promise_array.js:126:19)
7 verbose cwd /home/bryan
8 verbose Linux 5.4.72-microsoft-standard-WSL2
9 verbose argv "/home/bryan/.nvm/versions/node/v14.17.0/bin/node" "/home/bryan/.nvm/versions/node/v14.17.0/bin/npm" "audit" "fix" "-F"
10 verbose node v14.17.0
11 verbose npm  v6.14.13
12 error code EAUDITNOPJSON
13 error audit No package.json found: Cannot audit a project without a package.json
14 verbose exit [ 1, true ]
