[2021-04-16 02:35:29.026] [exthost] [info] extension host started
[2021-04-16 02:35:29.281] [exthost] [info] ExtensionService#_doActivateExtension vscode.debug-auto-launch {"startup":true,"extensionId":{"value":"vscode.debug-auto-launch","_lower":"vscode.debug-auto-launch"},"activationEvent":"*"}
[2021-04-16 02:35:29.281] [exthost] [info] ExtensionService#loadCommonJSModule file:///home/bryan/.vscode-server/bin/08a217c4d27a02a5bcde898fd7981bda5b49391b/extensions/debug-auto-launch/dist/extension
[2021-04-16 02:35:29.324] [exthost] [info] ExtensionService#_doActivateExtension vscode.git {"startup":true,"extensionId":{"value":"vscode.git","_lower":"vscode.git"},"activationEvent":"*"}
[2021-04-16 02:35:29.324] [exthost] [info] ExtensionService#loadCommonJSModule file:///home/bryan/.vscode-server/bin/08a217c4d27a02a5bcde898fd7981bda5b49391b/extensions/git/dist/main
[2021-04-16 02:35:31.228] [exthost] [info] ExtensionService#_doActivateExtension vscode.emmet {"startup":false,"extensionId":{"value":"vscode.emmet","_lower":"vscode.emmet"},"activationEvent":"onStartupFinished"}
[2021-04-16 02:35:31.229] [exthost] [info] ExtensionService#loadCommonJSModule file:///home/bryan/.vscode-server/bin/08a217c4d27a02a5bcde898fd7981bda5b49391b/extensions/emmet/dist/node/emmetNodeMain
[2021-04-16 02:35:31.275] [exthost] [info] ExtensionService#_doActivateExtension vscode.merge-conflict {"startup":false,"extensionId":{"value":"vscode.merge-conflict","_lower":"vscode.merge-conflict"},"activationEvent":"onStartupFinished"}
[2021-04-16 02:35:31.276] [exthost] [info] ExtensionService#loadCommonJSModule file:///home/bryan/.vscode-server/bin/08a217c4d27a02a5bcde898fd7981bda5b49391b/extensions/merge-conflict/dist/mergeConflictMain
[2021-04-16 02:35:31.294] [exthost] [info] ExtensionService#_doActivateExtension vscode.testing-editor-contributions {"startup":false,"extensionId":{"value":"vscode.testing-editor-contributions","_lower":"vscode.testing-editor-contributions"},"activationEvent":"onStartupFinished"}
[2021-04-16 02:35:31.294] [exthost] [info] ExtensionService#loadCommonJSModule file:///home/bryan/.vscode-server/bin/08a217c4d27a02a5bcde898fd7981bda5b49391b/extensions/testing-editor-contributions/dist/extension.js
[2021-04-16 02:35:31.305] [exthost] [info] eager extensions activated
[2021-04-16 02:35:31.743] [exthost] [info] ExtensionService#_doActivateExtension ms-vscode.js-debug {"startup":false,"extensionId":{"value":"ms-vscode.js-debug","_lower":"ms-vscode.js-debug"},"activationEvent":"onCommand:extension.js-debug.clearAutoAttachVariables"}
[2021-04-16 02:35:31.743] [exthost] [info] ExtensionService#loadCommonJSModule file:///home/bryan/.vscode-server/bin/08a217c4d27a02a5bcde898fd7981bda5b49391b/extensions/ms-vscode.js-debug/src/extension.js
[2021-04-16 02:35:36.678] [exthost] [info] ExtensionService#_doActivateExtension vscode.configuration-editing {"startup":false,"extensionId":{"value":"vscode.configuration-editing","_lower":"vscode.configuration-editing"},"activationEvent":"onLanguage:jsonc"}
[2021-04-16 02:35:36.678] [exthost] [info] ExtensionService#loadCommonJSModule file:///home/bryan/.vscode-server/bin/08a217c4d27a02a5bcde898fd7981bda5b49391b/extensions/configuration-editing/dist/configurationEditingMain
[2021-04-16 02:35:36.697] [exthost] [info] ExtensionService#_doActivateExtension vscode.json-language-features {"startup":false,"extensionId":{"value":"vscode.json-language-features","_lower":"vscode.json-language-features"},"activationEvent":"onLanguage:jsonc"}
[2021-04-16 02:35:36.697] [exthost] [info] ExtensionService#loadCommonJSModule file:///home/bryan/.vscode-server/bin/08a217c4d27a02a5bcde898fd7981bda5b49391b/extensions/json-language-features/client/dist/node/jsonClientMain
[2021-04-16 02:35:36.849] [exthost] [info] ExtensionService#_doActivateExtension vscode.typescript-language-features {"startup":false,"extensionId":{"value":"vscode.typescript-language-features","_lower":"vscode.typescript-language-features"},"activationEvent":"onLanguage:jsonc"}
[2021-04-16 02:35:36.850] [exthost] [info] ExtensionService#loadCommonJSModule file:///home/bryan/.vscode-server/bin/08a217c4d27a02a5bcde898fd7981bda5b49391b/extensions/typescript-language-features/dist/extension
