0 verbose cli [
0 verbose cli   '/home/bryan/.nvm/versions/node/v14.15.5/bin/node',
0 verbose cli   '/home/bryan/.nvm/versions/node/v14.15.5/bin/npm',
0 verbose cli   'ci'
0 verbose cli ]
1 info using npm@7.8.0
2 info using node@v14.15.5
3 timing npm:load:whichnode Completed in 1ms
4 timing config:load:defaults Completed in 2ms
5 timing config:load:file:/home/bryan/.nvm/versions/node/v14.15.5/lib/node_modules/npm/npmrc Completed in 1ms
6 timing config:load:builtin Completed in 1ms
7 timing config:load:cli Completed in 1ms
8 timing config:load:env Completed in 1ms
9 timing config:load:project Completed in 1ms
10 timing config:load:file:/home/bryan/.npmrc Completed in 1ms
11 timing config:load:user Completed in 1ms
12 timing config:load:file:/home/bryan/.nvm/versions/node/v14.15.5/etc/npmrc Completed in 0ms
13 timing config:load:global Completed in 0ms
14 timing config:load:validate Completed in 0ms
15 timing config:load:setEnvs Completed in 1ms
16 timing config:load Completed in 8ms
17 timing npm:load:configload Completed in 8ms
18 timing npm:load:setTitle Completed in 0ms
19 timing npm:load:setupLog Completed in 1ms
20 timing npm:load:cleanupLog Completed in 2ms
21 timing npm:load:configScope Completed in 0ms
22 timing npm:load:projectScope Completed in 0ms
23 timing npm:load Completed in 12ms
24 timing config:load:flatten Completed in 3ms
25 timing arborist:ctor Completed in 1ms
26 timing npm-ci:rm Completed in 1ms
27 verbose loadVirtual Error: loadVirtual requires existing shrinkwrap file
27 verbose loadVirtual     at Arborist.loadVirtual (/home/bryan/.nvm/versions/node/v14.15.5/lib/node_modules/npm/node_modules/@npmcli/arborist/lib/arborist/load-virtual.js:57:18)
27 verbose loadVirtual     at async Promise.all (index 0)
27 verbose loadVirtual     at async CI.ci (/home/bryan/.nvm/versions/node/v14.15.5/lib/node_modules/npm/lib/ci.js:53:5)
28 timing command:ci Completed in 7ms
29 verbose stack Error: The `npm ci` command can only install with an existing package-lock.json or
29 verbose stack npm-shrinkwrap.json with lockfileVersion >= 1. Run an install with npm@5 or
29 verbose stack later to generate a package-lock.json file, then try again.
29 verbose stack     at /home/bryan/.nvm/versions/node/v14.15.5/lib/node_modules/npm/lib/ci.js:60:15
29 verbose stack     at async Promise.all (index 0)
29 verbose stack     at async CI.ci (/home/bryan/.nvm/versions/node/v14.15.5/lib/node_modules/npm/lib/ci.js:53:5)
30 verbose cwd /home/bryan
31 verbose Linux 5.4.72-microsoft-standard-WSL2
32 verbose argv "/home/bryan/.nvm/versions/node/v14.15.5/bin/node" "/home/bryan/.nvm/versions/node/v14.15.5/bin/npm" "ci"
33 verbose node v14.15.5
34 verbose npm  v7.8.0
35 error The `npm ci` command can only install with an existing package-lock.json or
35 error npm-shrinkwrap.json with lockfileVersion >= 1. Run an install with npm@5 or
35 error later to generate a package-lock.json file, then try again.
36 verbose exit 1
