0 verbose cli [
0 verbose cli   '/home/bryan/.linuxbrew/Cellar/node/15.14.0/bin/node',
0 verbose cli   '/home/bryan/.linuxbrew/bin/npm',
0 verbose cli   'start'
0 verbose cli ]
1 info using npm@7.7.6
2 info using node@v15.14.0
3 timing npm:load:whichnode Completed in 3ms
4 timing config:load:defaults Completed in 1ms
5 timing config:load:file:/home/bryan/.linuxbrew/lib/node_modules/npm/npmrc Completed in 1ms
6 timing config:load:builtin Completed in 3ms
7 timing config:load:cli Completed in 1ms
8 timing config:load:env Completed in 1ms
9 timing config:load:file:/mnt/c/NEW_BOOTCAMP/Lambda/CIRRICULUMN/WEEKS/2-resources/_Templates-Frameworks-And-Official-Repos/material-components-web-master/packages/mdc-checkbox/.npmrc Completed in 0ms
10 timing config:load:project Completed in 3ms
11 timing config:load:file:/home/bryan/.npmrc Completed in 1ms
12 timing config:load:user Completed in 1ms
13 timing config:load:file:/home/bryan/.linuxbrew/etc/npmrc Completed in 1ms
14 timing config:load:global Completed in 1ms
15 timing config:load:validate Completed in 0ms
16 timing config:load:setEnvs Completed in 1ms
17 timing config:load Completed in 12ms
18 timing npm:load:configload Completed in 12ms
19 timing npm:load:setTitle Completed in 0ms
20 timing npm:load:setupLog Completed in 1ms
21 timing npm:load:cleanupLog Completed in 2ms
22 timing npm:load:configScope Completed in 0ms
23 timing npm:load:projectScope Completed in 4ms
24 timing npm:load Completed in 23ms
25 timing config:load:flatten Completed in 2ms
26 timing command:run-script Completed in 9ms
27 timing command:start Completed in 15ms
28 verbose stack Error: Missing script: "start"
28 verbose stack
28 verbose stack Did you mean one of these?
28 verbose stack     npm star # Mark your favorite packages
28 verbose stack     npm stars # View packages marked as favorites
28 verbose stack
28 verbose stack To see a list of scripts, run:
28 verbose stack   npm run
28 verbose stack     at RunScript.run (/home/bryan/.linuxbrew/lib/node_modules/npm/lib/run-script.js:94:13)
29 verbose cwd /mnt/c/NEW_BOOTCAMP/Lambda/CIRRICULUMN/WEEKS/2-resources/_Templates-Frameworks-And-Official-Repos/material-components-web-master/packages/mdc-checkbox
30 verbose Linux 5.4.72-microsoft-standard-WSL2
31 verbose argv "/home/bryan/.linuxbrew/Cellar/node/15.14.0/bin/node" "/home/bryan/.linuxbrew/bin/npm" "start"
32 verbose node v15.14.0
33 verbose npm  v7.7.6
34 error Missing script: "start"
34 error
34 error Did you mean one of these?
34 error     npm star # Mark your favorite packages
34 error     npm stars # View packages marked as favorites
34 error
34 error To see a list of scripts, run:
34 error   npm run
35 verbose exit 1
