0 verbose cli [
0 verbose cli   '/home/bryan/.nvm/versions/node/v14.15.5/bin/node',
0 verbose cli   '/home/bryan/.nvm/versions/node/v14.15.5/bin/npm',
0 verbose cli   'publish'
0 verbose cli ]
1 info using npm@7.8.0
2 info using node@v14.15.5
3 timing npm:load:whichnode Completed in 8ms
4 timing config:load:defaults Completed in 2ms
5 timing config:load:file:/home/bryan/.nvm/versions/node/v14.15.5/lib/node_modules/npm/npmrc Completed in 1ms
6 timing config:load:builtin Completed in 1ms
7 timing config:load:cli Completed in 1ms
8 timing config:load:env Completed in 0ms
9 timing config:load:file:/mnt/c/Users/bryan/Downloads/tz/timezonz/.npmrc Completed in 0ms
10 timing config:load:project Completed in 5ms
11 timing config:load:file:/home/bryan/.npmrc Completed in 2ms
12 timing config:load:user Completed in 2ms
13 timing config:load:file:/home/bryan/.nvm/versions/node/v14.15.5/etc/npmrc Completed in 0ms
14 timing config:load:global Completed in 0ms
15 timing config:load:validate Completed in 1ms
16 timing config:load:setEnvs Completed in 0ms
17 timing config:load Completed in 13ms
18 timing npm:load:configload Completed in 13ms
19 timing npm:load:setTitle Completed in 0ms
20 timing npm:load:setupLog Completed in 2ms
21 timing npm:load:cleanupLog Completed in 2ms
22 timing npm:load:configScope Completed in 0ms
23 timing npm:load:projectScope Completed in 1ms
24 timing npm:load Completed in 27ms
25 timing config:load:flatten Completed in 3ms
26 verbose publish [ '.' ]
27 timing command:publish Completed in 5ms
28 verbose stack Error: ENOENT: no such file or directory, open '/mnt/c/Users/bryan/Downloads/tz/timezonz/package.json'
29 verbose cwd /mnt/c/Users/bryan/Downloads/tz/timezonz
30 verbose Linux 5.4.72-microsoft-standard-WSL2
31 verbose argv "/home/bryan/.nvm/versions/node/v14.15.5/bin/node" "/home/bryan/.nvm/versions/node/v14.15.5/bin/npm" "publish"
32 verbose node v14.15.5
33 verbose npm  v7.8.0
34 error code ENOENT
35 error syscall open
36 error path /mnt/c/Users/bryan/Downloads/tz/timezonz/package.json
37 error errno -2
38 error enoent ENOENT: no such file or directory, open '/mnt/c/Users/bryan/Downloads/tz/timezonz/package.json'
39 error enoent This is related to npm not being able to find a file.
40 verbose exit -2
