0 verbose cli [
0 verbose cli   '/home/bryan/.nvm/versions/node/v14.15.5/bin/node',
0 verbose cli   '/home/bryan/.nvm/versions/node/v14.15.5/bin/npm',
0 verbose cli   'run',
0 verbose cli   'build'
0 verbose cli ]
1 info using npm@7.8.0
2 info using node@v14.15.5
3 timing npm:load:whichnode Completed in 1ms
4 timing config:load:defaults Completed in 1ms
5 timing config:load:file:/home/bryan/.nvm/versions/node/v14.15.5/lib/node_modules/npm/npmrc Completed in 1ms
6 timing config:load:builtin Completed in 1ms
7 timing config:load:cli Completed in 2ms
8 timing config:load:env Completed in 0ms
9 timing config:load:project Completed in 1ms
10 timing config:load:file:/home/bryan/.npmrc Completed in 2ms
11 timing config:load:user Completed in 2ms
12 timing config:load:file:/home/bryan/.nvm/versions/node/v14.15.5/etc/npmrc Completed in 0ms
13 timing config:load:global Completed in 0ms
14 timing config:load:validate Completed in 0ms
15 timing config:load:setEnvs Completed in 1ms
16 timing config:load Completed in 8ms
17 timing npm:load:configload Completed in 9ms
18 timing npm:load:setTitle Completed in 0ms
19 timing npm:load:setupLog Completed in 2ms
20 timing npm:load:cleanupLog Completed in 1ms
21 timing npm:load:configScope Completed in 0ms
22 timing npm:load:projectScope Completed in 0ms
23 timing npm:load Completed in 14ms
24 timing config:load:flatten Completed in 2ms
25 timing command:run-script Completed in 0ms
26 verbose stack Error: ENOENT: no such file or directory, open '/home/bryan/package.json'
27 verbose cwd /home/bryan
28 verbose Linux 5.4.72-microsoft-standard-WSL2
29 verbose argv "/home/bryan/.nvm/versions/node/v14.15.5/bin/node" "/home/bryan/.nvm/versions/node/v14.15.5/bin/npm" "run" "build"
30 verbose node v14.15.5
31 verbose npm  v7.8.0
32 error code ENOENT
33 error syscall open
34 error path /home/bryan/package.json
35 error errno -2
36 error enoent ENOENT: no such file or directory, open '/home/bryan/package.json'
37 error enoent This is related to npm not being able to find a file.
38 verbose exit -2
