0 verbose cli [
0 verbose cli   '/home/bryan/.nvm/versions/node/v14.15.5/bin/node',
0 verbose cli   '/home/bryan/.nvm/versions/node/v14.15.5/bin/npm',
0 verbose cli   'install',
0 verbose cli   'pageresnpm',
0 verbose cli   'install',
0 verbose cli   'pageresnpm',
0 verbose cli   'install',
0 verbose cli   'pageres'
0 verbose cli ]
1 info using npm@7.8.0
2 info using node@v14.15.5
3 timing npm:load:whichnode Completed in 30ms
4 timing config:load:defaults Completed in 34ms
5 timing config:load:file:/home/bryan/.nvm/versions/node/v14.15.5/lib/node_modules/npm/npmrc Completed in 29ms
6 timing config:load:builtin Completed in 29ms
7 timing config:load:cli Completed in 32ms
8 timing config:load:env Completed in 2ms
9 timing config:load:file:/mnt/c/NEW_BOOTCAMP/Lambda/CIRRICULUMN/w-01/.npmrc Completed in 8ms
10 timing config:load:project Completed in 46ms
11 timing config:load:file:/home/bryan/.npmrc Completed in 7ms
12 timing config:load:user Completed in 7ms
13 timing config:load:file:/home/bryan/.nvm/versions/node/v14.15.5/etc/npmrc Completed in 1ms
14 timing config:load:global Completed in 11ms
15 timing config:load:validate Completed in 3ms
16 timing config:load:setEnvs Completed in 19ms
17 timing config:load Completed in 194ms
18 timing npm:load:configload Completed in 194ms
19 timing npm:load:setTitle Completed in 1ms
20 timing npm:load:setupLog Completed in 23ms
21 timing npm:load:cleanupLog Completed in 22ms
22 timing npm:load:configScope Completed in 0ms
23 timing npm:load:projectScope Completed in 44ms
24 timing npm:load Completed in 320ms
25 timing config:load:flatten Completed in 61ms
26 timing arborist:ctor Completed in 16ms
27 timing arborist:ctor Completed in 1ms
28 timing idealTree:init Completed in 402ms
29 timing idealTree:userRequests Completed in 80ms
30 silly idealTree buildDeps
31 silly fetch manifest pageresnpm@*
32 http fetch GET 404 https://registry.npmjs.org/pageresnpm 1457ms
33 http fetch GET 404 https://registry.npmjs.org/pageresnpm 490ms
34 silly fetch manifest install@*
35 http fetch GET 200 https://registry.npmjs.org/install 662ms
36 silly fetch manifest pageres@*
37 http fetch GET 200 https://registry.npmjs.org/pageres 627ms
38 silly placeDep ROOT install@0.13.0 OK for: w-01@1.0.0 want: *
39 silly placeDep ROOT pageres@6.2.1 OK for: w-01@1.0.0 want: *
40 silly placeDep ROOT pageresnpm@ OK for: w-01@1.0.0 want: *
41 silly fetch manifest array-differ@^3.0.0
42 silly fetch manifest array-uniq@^2.1.0
43 silly fetch manifest capture-website@^1.2.6
44 silly fetch manifest date-fns@^2.16.1
45 silly fetch manifest filenamify@^4.2.0
46 silly fetch manifest filenamify-url@^2.1.1
47 silly fetch manifest get-res@^3.0.0
48 silly fetch manifest lodash.template@^4.5.0
49 silly fetch manifest log-symbols@^4.0.0
50 silly fetch manifest make-dir@^3.1.0
51 silly fetch manifest p-map@^4.0.0
52 silly fetch manifest p-memoize@^4.0.1
53 silly fetch manifest plur@^4.0.0
54 silly fetch manifest unused-filename@^2.1.0
55 silly fetch manifest viewport-list@^5.1.1
56 http fetch GET 200 https://registry.npmjs.org/capture-website 2549ms
57 http fetch GET 200 https://registry.npmjs.org/p-memoize 2541ms
58 http fetch GET 200 https://registry.npmjs.org/filenamify 2632ms
59 http fetch GET 200 https://registry.npmjs.org/date-fns 2659ms
60 http fetch GET 200 https://registry.npmjs.org/filenamify-url 2738ms
61 http fetch GET 200 https://registry.npmjs.org/get-res 2739ms
62 http fetch GET 200 https://registry.npmjs.org/lodash.template 2820ms
63 http fetch GET 200 https://registry.npmjs.org/unused-filename 2807ms
64 http fetch GET 200 https://registry.npmjs.org/viewport-list 2802ms
65 http fetch GET 304 https://registry.npmjs.org/array-uniq 3148ms (from cache)
66 http fetch GET 304 https://registry.npmjs.org/p-map 3064ms (from cache)
67 http fetch GET 304 https://registry.npmjs.org/make-dir 3088ms (from cache)
68 http fetch GET 304 https://registry.npmjs.org/log-symbols 3141ms (from cache)
69 http fetch GET 304 https://registry.npmjs.org/array-differ 3282ms (from cache)
70 http fetch GET 304 https://registry.npmjs.org/plur 3120ms (from cache)
71 timing idealTree:#root Completed in 6910ms
72 timing idealTree:node_modules/install Completed in 0ms
73 silly placeDep ROOT array-differ@3.0.0 OK for: pageres@6.2.1 want: ^3.0.0
74 silly placeDep ROOT array-uniq@2.1.0 OK for: pageres@6.2.1 want: ^2.1.0
75 silly placeDep ROOT capture-website@1.4.0 OK for: pageres@6.2.1 want: ^1.2.6
76 silly placeDep ROOT date-fns@2.19.0 OK for: pageres@6.2.1 want: ^2.16.1
77 silly placeDep ROOT filenamify@4.2.0 OK for: pageres@6.2.1 want: ^4.2.0
78 silly placeDep ROOT filenamify-url@2.1.1 OK for: pageres@6.2.1 want: ^2.1.1
79 silly placeDep ROOT get-res@3.0.0 OK for: pageres@6.2.1 want: ^3.0.0
80 silly placeDep ROOT lodash.template@4.5.0 OK for: pageres@6.2.1 want: ^4.5.0
81 silly placeDep ROOT log-symbols@4.1.0 OK for: pageres@6.2.1 want: ^4.0.0
82 silly placeDep ROOT make-dir@3.1.0 OK for: pageres@6.2.1 want: ^3.1.0
83 silly placeDep ROOT p-map@4.0.0 OK for: pageres@6.2.1 want: ^4.0.0
84 silly placeDep ROOT p-memoize@4.0.1 OK for: pageres@6.2.1 want: ^4.0.1
85 silly placeDep ROOT plur@4.0.0 OK for: pageres@6.2.1 want: ^4.0.0
86 silly placeDep ROOT unused-filename@2.1.0 OK for: pageres@6.2.1 want: ^2.1.0
87 silly placeDep ROOT viewport-list@5.1.1 OK for: pageres@6.2.1 want: ^5.1.1
88 silly fetch manifest @types/puppeteer@^5.4.3
89 silly fetch manifest file-url@^3.0.0
90 silly fetch manifest puppeteer@^5.3.1
91 silly fetch manifest tough-cookie@^4.0.0
92 silly fetch manifest filename-reserved-regex@^2.0.0
93 silly fetch manifest strip-outer@^1.0.1
94 silly fetch manifest trim-repeated@^1.0.0
95 silly fetch manifest humanize-url@^2.0.0
96 silly fetch manifest meow@^3.3.0
97 silly fetch manifest w3counter@^3.0.1
98 silly fetch manifest lodash._reinterpolate@^3.0.0
99 silly fetch manifest lodash.templatesettings@^4.0.0
100 silly fetch manifest chalk@^4.1.0
101 silly fetch manifest is-unicode-supported@^0.1.0
102 silly fetch manifest semver@^6.0.0
103 silly fetch manifest aggregate-error@^3.0.0
104 silly fetch manifest mem@^6.0.1
105 silly fetch manifest mimic-fn@^3.0.0
106 silly fetch manifest irregular-plurals@^3.2.0
107 silly fetch manifest modify-filename@^1.1.0
108 silly fetch manifest path-exists@^4.0.0
109 http fetch GET 200 https://registry.npmjs.org/@types%2fpuppeteer 2503ms
110 http fetch GET 200 https://registry.npmjs.org/lodash.templatesettings 2349ms
111 http fetch GET 200 https://registry.npmjs.org/filename-reserved-regex 2456ms
112 http fetch GET 200 https://registry.npmjs.org/file-url 2522ms
113 http fetch GET 200 https://registry.npmjs.org/tough-cookie 2493ms
114 http fetch GET 200 https://registry.npmjs.org/trim-repeated 2438ms
115 http fetch GET 200 https://registry.npmjs.org/strip-outer 2468ms
116 http fetch GET 200 https://registry.npmjs.org/aggregate-error 2331ms
117 http fetch GET 200 https://registry.npmjs.org/humanize-url 2441ms
118 http fetch GET 200 https://registry.npmjs.org/lodash._reinterpolate 2410ms
119 http fetch GET 200 https://registry.npmjs.org/w3counter 2435ms
120 http fetch GET 200 https://registry.npmjs.org/is-unicode-supported 2410ms
121 http fetch GET 200 https://registry.npmjs.org/mem 2381ms
122 http fetch GET 200 https://registry.npmjs.org/modify-filename 2357ms
123 http fetch GET 200 https://registry.npmjs.org/semver 2451ms
124 http fetch GET 200 https://registry.npmjs.org/puppeteer 2664ms
125 http fetch GET 304 https://registry.npmjs.org/mimic-fn 3011ms (from cache)
126 http fetch GET 304 https://registry.npmjs.org/irregular-plurals 3000ms (from cache)
127 http fetch GET 304 https://registry.npmjs.org/meow 3137ms (from cache)
128 http fetch GET 304 https://registry.npmjs.org/chalk 3124ms (from cache)
129 http fetch GET 304 https://registry.npmjs.org/path-exists 3018ms (from cache)
130 timing idealTree:node_modules/pageres Completed in 3621ms
131 timing idealTree:node_modules/array-differ Completed in 0ms
132 timing idealTree:node_modules/array-uniq Completed in 0ms
133 silly placeDep ROOT @types/puppeteer@5.4.3 OK for: capture-website@1.4.0 want: ^5.4.3
134 silly placeDep ROOT file-url@3.0.0 OK for: capture-website@1.4.0 want: ^3.0.0
135 silly placeDep ROOT puppeteer@5.5.0 OK for: capture-website@1.4.0 want: ^5.3.1
136 silly placeDep ROOT tough-cookie@4.0.0 OK for: capture-website@1.4.0 want: ^4.0.0
137 silly fetch manifest @types/node@*
138 silly fetch manifest debug@^4.1.0
139 silly fetch manifest devtools-protocol@0.0.818844
140 silly fetch manifest extract-zip@^2.0.0
141 silly fetch manifest https-proxy-agent@^4.0.0
142 silly fetch manifest node-fetch@^2.6.1
143 silly fetch manifest pkg-dir@^4.2.0
144 silly fetch manifest progress@^2.0.1
145 silly fetch manifest proxy-from-env@^1.0.0
146 silly fetch manifest rimraf@^3.0.2
147 silly fetch manifest tar-fs@^2.0.0
148 silly fetch manifest unbzip2-stream@^1.3.3
149 silly fetch manifest ws@^7.2.3
150 silly fetch manifest psl@^1.1.33
151 silly fetch manifest punycode@^2.1.1
152 silly fetch manifest universalify@^0.1.2
153 http fetch GET 200 https://registry.npmjs.org/extract-zip 1254ms
154 http fetch GET 200 https://registry.npmjs.org/https-proxy-agent 1248ms
155 http fetch GET 200 https://registry.npmjs.org/unbzip2-stream 1171ms
156 http fetch GET 200 https://registry.npmjs.org/node-fetch 1254ms
157 http fetch GET 200 https://registry.npmjs.org/tar-fs 1190ms
158 http fetch GET 200 https://registry.npmjs.org/psl 1160ms
159 http fetch GET 200 https://registry.npmjs.org/proxy-from-env 1225ms
160 http fetch GET 200 https://registry.npmjs.org/ws 1185ms
161 http fetch GET 200 https://registry.npmjs.org/universalify 1154ms
162 http fetch GET 304 https://registry.npmjs.org/rimraf 1501ms (from cache)
163 http fetch GET 304 https://registry.npmjs.org/pkg-dir 1566ms (from cache)
164 http fetch GET 304 https://registry.npmjs.org/progress 1595ms (from cache)
165 http fetch GET 304 https://registry.npmjs.org/punycode 1522ms (from cache)
166 http fetch GET 304 https://registry.npmjs.org/debug 1718ms (from cache)
167 http fetch GET 200 https://registry.npmjs.org/devtools-protocol 1796ms
168 http fetch GET 304 https://registry.npmjs.org/@types%2fnode 1935ms (from cache)
169 timing idealTree:node_modules/capture-website Completed in 2031ms
170 silly placeDep ROOT @types/node@14.14.37 OK for: @types/puppeteer@5.4.3 want: *
171 timing idealTree:node_modules/@types/puppeteer Completed in 10ms
172 timing idealTree:node_modules/@types/node Completed in 0ms
173 timing idealTree:node_modules/date-fns Completed in 0ms
174 timing idealTree:node_modules/file-url Completed in 0ms
175 silly placeDep ROOT filename-reserved-regex@2.0.0 OK for: filenamify@4.2.0 want: ^2.0.0
176 silly placeDep ROOT strip-outer@1.0.1 OK for: filenamify@4.2.0 want: ^1.0.1
177 silly placeDep ROOT trim-repeated@1.0.0 OK for: filenamify@4.2.0 want: ^1.0.0
178 silly fetch manifest escape-string-regexp@^1.0.2
179 http fetch GET 304 https://registry.npmjs.org/escape-string-regexp 315ms (from cache)
180 timing idealTree:node_modules/filenamify Completed in 401ms
181 timing idealTree:node_modules/filename-reserved-regex Completed in 1ms
182 silly placeDep ROOT humanize-url@2.1.0 OK for: filenamify-url@2.1.1 want: ^2.0.0
183 silly fetch manifest normalize-url@^4.3.0
184 http fetch GET 200 https://registry.npmjs.org/normalize-url 197ms
185 timing idealTree:node_modules/filenamify-url Completed in 263ms
186 silly placeDep ROOT meow@3.7.0 OK for: get-res@3.0.0 want: ^3.3.0
187 silly placeDep ROOT w3counter@3.0.1 OK for: get-res@3.0.0 want: ^3.0.1
188 silly fetch manifest camelcase-keys@^2.0.0
189 silly fetch manifest decamelize@^1.1.2
190 silly fetch manifest loud-rejection@^1.0.0
191 silly fetch manifest map-obj@^1.0.1
192 silly fetch manifest minimist@^1.1.3
193 silly fetch manifest normalize-package-data@^2.3.4
194 silly fetch manifest object-assign@^4.0.1
195 silly fetch manifest read-pkg-up@^1.0.1
196 silly fetch manifest redent@^1.0.0
197 silly fetch manifest trim-newlines@^1.0.0
198 silly fetch manifest cheerio@^0.19.0
199 silly fetch manifest got@^6.3.0
200 http fetch GET 200 https://registry.npmjs.org/cheerio 652ms
201 http fetch GET 200 https://registry.npmjs.org/normalize-package-data 775ms
202 http fetch GET 200 https://registry.npmjs.org/map-obj 816ms
203 http fetch GET 304 https://registry.npmjs.org/loud-rejection 937ms (from cache)
204 http fetch GET 304 https://registry.npmjs.org/decamelize 972ms (from cache)
205 http fetch GET 304 https://registry.npmjs.org/read-pkg-up 890ms (from cache)
206 http fetch GET 304 https://registry.npmjs.org/object-assign 921ms (from cache)
207 http fetch GET 304 https://registry.npmjs.org/trim-newlines 872ms (from cache)
208 http fetch GET 304 https://registry.npmjs.org/camelcase-keys 1047ms (from cache)
209 http fetch GET 304 https://registry.npmjs.org/minimist 1004ms (from cache)
210 http fetch GET 304 https://registry.npmjs.org/redent 956ms (from cache)
211 http fetch GET 304 https://registry.npmjs.org/got 922ms (from cache)
212 timing idealTree:node_modules/get-res Completed in 1200ms
213 silly placeDep ROOT normalize-url@4.5.0 OK for: humanize-url@2.1.0 want: ^4.3.0
214 timing idealTree:node_modules/humanize-url Completed in 8ms
215 silly placeDep ROOT lodash._reinterpolate@3.0.0 OK for: lodash.template@4.5.0 want: ^3.0.0
216 silly placeDep ROOT lodash.templatesettings@4.2.0 OK for: lodash.template@4.5.0 want: ^4.0.0
217 timing idealTree:node_modules/lodash.template Completed in 14ms
218 timing idealTree:node_modules/lodash._reinterpolate Completed in 0ms
219 timing idealTree:node_modules/lodash.templatesettings Completed in 1ms
220 silly placeDep ROOT chalk@4.1.0 OK for: log-symbols@4.1.0 want: ^4.1.0
221 silly placeDep ROOT is-unicode-supported@0.1.0 OK for: log-symbols@4.1.0 want: ^0.1.0
222 silly fetch manifest ansi-styles@^4.1.0
223 silly fetch manifest supports-color@^7.1.0
224 http fetch GET 304 https://registry.npmjs.org/supports-color 292ms (from cache)
225 http fetch GET 304 https://registry.npmjs.org/ansi-styles 374ms (from cache)
226 timing idealTree:node_modules/log-symbols Completed in 405ms
227 silly placeDep ROOT ansi-styles@4.3.0 OK for: chalk@4.1.0 want: ^4.1.0
228 silly placeDep ROOT supports-color@7.2.0 OK for: chalk@4.1.0 want: ^7.1.0
229 silly fetch manifest color-convert@^2.0.1
230 silly fetch manifest has-flag@^4.0.0
231 http fetch GET 304 https://registry.npmjs.org/has-flag 460ms (from cache)
232 http fetch GET 304 https://registry.npmjs.org/color-convert 584ms (from cache)
233 timing idealTree:node_modules/chalk Completed in 624ms
234 silly placeDep ROOT color-convert@2.0.1 OK for: ansi-styles@4.3.0 want: ^2.0.1
235 silly fetch manifest color-name@~1.1.4
236 http fetch GET 304 https://registry.npmjs.org/color-name 342ms (from cache)
237 timing idealTree:node_modules/ansi-styles Completed in 376ms
238 silly placeDep ROOT color-name@1.1.4 OK for: color-convert@2.0.1 want: ~1.1.4
239 timing idealTree:node_modules/color-convert Completed in 27ms
240 timing idealTree:node_modules/color-name Completed in 0ms
241 timing idealTree:node_modules/is-unicode-supported Completed in 0ms
242 silly placeDep ROOT semver@6.3.0 OK for: make-dir@3.1.0 want: ^6.0.0
243 timing idealTree:node_modules/make-dir Completed in 34ms
244 silly placeDep ROOT camelcase-keys@2.1.0 OK for: meow@3.7.0 want: ^2.0.0
245 silly placeDep ROOT decamelize@1.2.0 OK for: meow@3.7.0 want: ^1.1.2
246 silly placeDep ROOT loud-rejection@1.6.0 OK for: meow@3.7.0 want: ^1.0.0
247 silly placeDep ROOT map-obj@1.0.1 OK for: meow@3.7.0 want: ^1.0.1
248 silly placeDep ROOT minimist@1.2.5 OK for: meow@3.7.0 want: ^1.1.3
249 silly placeDep ROOT normalize-package-data@2.5.0 OK for: meow@3.7.0 want: ^2.3.4
250 silly placeDep ROOT object-assign@4.1.1 OK for: meow@3.7.0 want: ^4.0.1
251 silly placeDep ROOT read-pkg-up@1.0.1 OK for: meow@3.7.0 want: ^1.0.1
252 silly placeDep ROOT redent@1.0.0 OK for: meow@3.7.0 want: ^1.0.0
253 silly placeDep ROOT trim-newlines@1.0.0 OK for: meow@3.7.0 want: ^1.0.0
254 silly fetch manifest camelcase@^2.0.0
255 silly fetch manifest currently-unhandled@^0.4.1
256 silly fetch manifest signal-exit@^3.0.0
257 silly fetch manifest hosted-git-info@^2.1.4
258 silly fetch manifest resolve@^1.10.0
259 silly fetch manifest semver@2 || 3 || 4 || 5
260 silly fetch manifest validate-npm-package-license@^3.0.1
261 silly fetch manifest find-up@^1.0.0
262 silly fetch manifest read-pkg@^1.0.0
263 silly fetch manifest indent-string@^2.1.0
264 silly fetch manifest strip-indent@^1.0.1
265 http fetch GET 200 https://registry.npmjs.org/hosted-git-info 1407ms
266 http fetch GET 304 https://registry.npmjs.org/strip-indent 1328ms (from cache)
267 http fetch GET 304 https://registry.npmjs.org/camelcase 1606ms (from cache)
268 http fetch GET 304 https://registry.npmjs.org/signal-exit 1576ms (from cache)
269 http fetch GET 304 https://registry.npmjs.org/indent-string 1405ms (from cache)
270 http fetch GET 304 https://registry.npmjs.org/validate-npm-package-license 1547ms (from cache)
271 http fetch GET 304 https://registry.npmjs.org/find-up 1523ms (from cache)
272 http fetch GET 304 https://registry.npmjs.org/currently-unhandled 1687ms (from cache)
273 http fetch GET 304 https://registry.npmjs.org/resolve 1663ms (from cache)
274 http fetch GET 304 https://registry.npmjs.org/read-pkg 1595ms (from cache)
275 timing idealTree:node_modules/meow Completed in 1963ms
276 silly placeDep ROOT camelcase@2.1.1 OK for: camelcase-keys@2.1.0 want: ^2.0.0
277 timing idealTree:node_modules/camelcase-keys Completed in 13ms
278 timing idealTree:node_modules/camelcase Completed in 0ms
279 timing idealTree:node_modules/decamelize Completed in 0ms
280 silly placeDep ROOT currently-unhandled@0.4.1 OK for: loud-rejection@1.6.0 want: ^0.4.1
281 silly placeDep ROOT signal-exit@3.0.3 OK for: loud-rejection@1.6.0 want: ^3.0.0
282 silly fetch manifest array-find-index@^1.0.1
283 http fetch GET 304 https://registry.npmjs.org/array-find-index 332ms (from cache)
284 timing idealTree:node_modules/loud-rejection Completed in 382ms
285 silly placeDep ROOT array-find-index@1.0.2 OK for: currently-unhandled@0.4.1 want: ^1.0.1
286 timing idealTree:node_modules/currently-unhandled Completed in 17ms
287 timing idealTree:node_modules/array-find-index Completed in 0ms
288 timing idealTree:node_modules/map-obj Completed in 0ms
289 timing idealTree:node_modules/minimist Completed in 0ms
290 silly placeDep ROOT hosted-git-info@2.8.8 OK for: normalize-package-data@2.5.0 want: ^2.1.4
291 silly placeDep ROOT resolve@1.20.0 OK for: normalize-package-data@2.5.0 want: ^1.10.0
292 silly placeDep node_modules/normalize-package-data semver@5.7.1 OK for: normalize-package-data@2.5.0 want: 2 || 3 || 4 || 5
293 silly placeDep ROOT validate-npm-package-license@3.0.4 OK for: normalize-package-data@2.5.0 want: ^3.0.1
294 silly fetch manifest is-core-module@^2.2.0
295 silly fetch manifest path-parse@^1.0.6
296 silly fetch manifest spdx-correct@^3.0.0
297 silly fetch manifest spdx-expression-parse@^3.0.0
298 http fetch GET 304 https://registry.npmjs.org/spdx-expression-parse 683ms (from cache)
299 http fetch GET 304 https://registry.npmjs.org/spdx-correct 726ms (from cache)
300 http fetch GET 304 https://registry.npmjs.org/path-parse 796ms (from cache)
301 http fetch GET 304 https://registry.npmjs.org/is-core-module 846ms (from cache)
302 timing idealTree:node_modules/normalize-package-data Completed in 962ms
303 timing idealTree:node_modules/hosted-git-info Completed in 0ms
304 timing idealTree:node_modules/normalize-url Completed in 0ms
305 timing idealTree:node_modules/object-assign Completed in 0ms
306 silly placeDep ROOT aggregate-error@3.1.0 OK for: p-map@4.0.0 want: ^3.0.0
307 silly fetch manifest clean-stack@^2.0.0
308 silly fetch manifest indent-string@^4.0.0
309 http fetch GET 304 https://registry.npmjs.org/clean-stack 228ms (from cache)
310 timing idealTree:node_modules/p-map Completed in 257ms
311 silly placeDep ROOT clean-stack@2.2.0 OK for: aggregate-error@3.1.0 want: ^2.0.0
312 silly placeDep ROOT indent-string@4.0.0 OK for: aggregate-error@3.1.0 want: ^4.0.0
313 timing idealTree:node_modules/aggregate-error Completed in 32ms
314 timing idealTree:node_modules/clean-stack Completed in 0ms
315 timing idealTree:node_modules/indent-string Completed in 0ms
316 silly placeDep ROOT mem@6.1.1 OK for: p-memoize@4.0.1 want: ^6.0.1
317 silly placeDep ROOT mimic-fn@3.1.0 OK for: p-memoize@4.0.1 want: ^3.0.0
318 silly fetch manifest map-age-cleaner@^0.1.3
319 http fetch GET 200 https://registry.npmjs.org/map-age-cleaner 142ms
320 timing idealTree:node_modules/p-memoize Completed in 185ms
321 silly placeDep ROOT map-age-cleaner@0.1.3 OK for: mem@6.1.1 want: ^0.1.3
322 silly fetch manifest p-defer@^1.0.0
323 http fetch GET 200 https://registry.npmjs.org/p-defer 176ms
324 timing idealTree:node_modules/mem Completed in 231ms
325 silly placeDep ROOT p-defer@1.0.0 OK for: map-age-cleaner@0.1.3 want: ^1.0.0
326 timing idealTree:node_modules/map-age-cleaner Completed in 32ms
327 timing idealTree:node_modules/mimic-fn Completed in 0ms
328 timing idealTree:node_modules/p-defer Completed in 0ms
329 timing idealTree:node_modules/pageresnpm Completed in 0ms
330 silly placeDep ROOT irregular-plurals@3.2.0 OK for: plur@4.0.0 want: ^3.2.0
331 timing idealTree:node_modules/plur Completed in 19ms
332 timing idealTree:node_modules/irregular-plurals Completed in 1ms
333 silly fetch manifest bufferutil@^4.0.1
334 http fetch GET 200 https://registry.npmjs.org/bufferutil 121ms
335 silly fetch manifest utf-8-validate@^5.0.2
336 http fetch GET 200 https://registry.npmjs.org/utf-8-validate 252ms
337 silly placeDep ROOT debug@4.3.1 OK for: puppeteer@5.5.0 want: ^4.1.0
338 silly placeDep ROOT devtools-protocol@0.0.818844 OK for: puppeteer@5.5.0 want: 0.0.818844
339 silly placeDep ROOT extract-zip@2.0.1 OK for: puppeteer@5.5.0 want: ^2.0.0
340 silly placeDep ROOT https-proxy-agent@4.0.0 OK for: puppeteer@5.5.0 want: ^4.0.0
341 silly placeDep ROOT node-fetch@2.6.1 OK for: puppeteer@5.5.0 want: ^2.6.1
342 silly placeDep ROOT pkg-dir@4.2.0 OK for: puppeteer@5.5.0 want: ^4.2.0
343 silly placeDep ROOT progress@2.0.3 OK for: puppeteer@5.5.0 want: ^2.0.1
344 silly placeDep ROOT proxy-from-env@1.1.0 OK for: puppeteer@5.5.0 want: ^1.0.0
345 silly placeDep ROOT rimraf@3.0.2 OK for: puppeteer@5.5.0 want: ^3.0.2
346 silly placeDep ROOT tar-fs@2.1.1 OK for: puppeteer@5.5.0 want: ^2.0.0
347 silly placeDep ROOT unbzip2-stream@1.4.3 OK for: puppeteer@5.5.0 want: ^1.3.3
348 silly placeDep ROOT ws@7.4.4 OK for: puppeteer@5.5.0 want: ^7.2.3
349 silly fetch manifest ms@2.1.2
350 silly fetch manifest @types/yauzl@^2.9.1
351 silly fetch manifest get-stream@^5.1.0
352 silly fetch manifest yauzl@^2.10.0
353 silly fetch manifest agent-base@5
354 silly fetch manifest find-up@^4.0.0
355 silly fetch manifest glob@^7.1.3
356 silly fetch manifest chownr@^1.1.1
357 silly fetch manifest mkdirp-classic@^0.5.2
358 silly fetch manifest pump@^3.0.0
359 silly fetch manifest tar-stream@^2.1.4
360 silly fetch manifest buffer@^5.2.1
361 silly fetch manifest through@^2.3.8
362 http fetch GET 200 https://registry.npmjs.org/mkdirp-classic 1038ms
363 http fetch GET 200 https://registry.npmjs.org/pump 1283ms
364 http fetch GET 200 https://registry.npmjs.org/tar-stream 1291ms
365 http fetch GET 200 https://registry.npmjs.org/@types%2fyauzl 1411ms
366 http fetch GET 200 https://registry.npmjs.org/chownr 1348ms
367 http fetch GET 200 https://registry.npmjs.org/yauzl 1406ms
368 http fetch GET 200 https://registry.npmjs.org/buffer 1404ms
369 http fetch GET 200 https://registry.npmjs.org/agent-base 1588ms
370 http fetch GET 304 https://registry.npmjs.org/glob 1698ms (from cache)
371 http fetch GET 304 https://registry.npmjs.org/ms 1807ms (from cache)
372 http fetch GET 304 https://registry.npmjs.org/get-stream 1764ms (from cache)
373 http fetch GET 304 https://registry.npmjs.org/through 1664ms (from cache)
374 timing idealTree:node_modules/puppeteer Completed in 2491ms
375 silly placeDep ROOT ms@2.1.2 OK for: debug@4.3.1 want: 2.1.2
376 timing idealTree:node_modules/debug Completed in 27ms
377 timing idealTree:node_modules/devtools-protocol Completed in 0ms
378 silly placeDep ROOT @types/yauzl@2.9.1 OK for: extract-zip@2.0.1 want: ^2.9.1
379 silly placeDep ROOT get-stream@5.2.0 OK for: extract-zip@2.0.1 want: ^5.1.0
380 silly placeDep ROOT yauzl@2.10.0 OK for: extract-zip@2.0.1 want: ^2.10.0
381 silly fetch manifest fd-slicer@~1.1.0
382 silly fetch manifest buffer-crc32@~0.2.3
383 http fetch GET 200 https://registry.npmjs.org/fd-slicer 188ms
384 http fetch GET 200 https://registry.npmjs.org/buffer-crc32 502ms
385 timing idealTree:node_modules/extract-zip Completed in 600ms
386 timing idealTree:node_modules/@types/yauzl Completed in 0ms
387 silly placeDep ROOT pump@3.0.0 OK for: get-stream@5.2.0 want: ^3.0.0
388 silly fetch manifest end-of-stream@^1.1.0
389 silly fetch manifest once@^1.3.1
390 http fetch GET 200 https://registry.npmjs.org/end-of-stream 363ms
391 http fetch GET 304 https://registry.npmjs.org/once 569ms (from cache)
392 timing idealTree:node_modules/get-stream Completed in 674ms
393 silly placeDep ROOT agent-base@5.1.1 OK for: https-proxy-agent@4.0.0 want: 5
394 timing idealTree:node_modules/https-proxy-agent Completed in 16ms
395 timing idealTree:node_modules/agent-base Completed in 0ms
396 timing idealTree:node_modules/ms Completed in 0ms
397 timing idealTree:node_modules/node-fetch Completed in 0ms
398 silly placeDep ROOT find-up@4.1.0 OK for: pkg-dir@4.2.0 want: ^4.0.0
399 silly fetch manifest locate-path@^5.0.0
400 http fetch GET 304 https://registry.npmjs.org/locate-path 414ms (from cache)
401 timing idealTree:node_modules/pkg-dir Completed in 459ms
402 silly placeDep ROOT locate-path@5.0.0 OK for: find-up@4.1.0 want: ^5.0.0
403 silly placeDep ROOT path-exists@4.0.0 OK for: find-up@4.1.0 want: ^4.0.0
404 silly fetch manifest p-locate@^4.1.0
405 http fetch GET 304 https://registry.npmjs.org/p-locate 405ms (from cache)
406 timing idealTree:node_modules/find-up Completed in 464ms
407 silly placeDep ROOT p-locate@4.1.0 OK for: locate-path@5.0.0 want: ^4.1.0
408 silly fetch manifest p-limit@^2.2.0
409 http fetch GET 304 https://registry.npmjs.org/p-limit 299ms (from cache)
410 timing idealTree:node_modules/locate-path Completed in 336ms
411 silly placeDep ROOT p-limit@2.3.0 OK for: p-locate@4.1.0 want: ^2.2.0
412 silly fetch manifest p-try@^2.0.0
413 http fetch GET 304 https://registry.npmjs.org/p-try 257ms (from cache)
414 timing idealTree:node_modules/p-locate Completed in 309ms
415 silly placeDep ROOT p-try@2.2.0 OK for: p-limit@2.3.0 want: ^2.0.0
416 timing idealTree:node_modules/p-limit Completed in 25ms
417 timing idealTree:node_modules/p-try Completed in 0ms
418 timing idealTree:node_modules/path-exists Completed in 0ms
419 timing idealTree:node_modules/progress Completed in 0ms
420 timing idealTree:node_modules/proxy-from-env Completed in 0ms
421 silly placeDep ROOT end-of-stream@1.4.4 OK for: pump@3.0.0 want: ^1.1.0
422 silly placeDep ROOT once@1.4.0 OK for: pump@3.0.0 want: ^1.3.1
423 silly fetch manifest wrappy@1
424 http fetch GET 304 https://registry.npmjs.org/wrappy 334ms (from cache)
425 timing idealTree:node_modules/pump Completed in 433ms
426 timing idealTree:node_modules/end-of-stream Completed in 0ms
427 silly placeDep ROOT wrappy@1.0.2 OK for: once@1.4.0 want: 1
428 timing idealTree:node_modules/once Completed in 16ms
429 silly placeDep node_modules/read-pkg-up find-up@1.1.2 OK for: read-pkg-up@1.0.1 want: ^1.0.0
430 silly placeDep ROOT read-pkg@1.1.0 OK for: read-pkg-up@1.0.1 want: ^1.0.0
431 silly fetch manifest path-exists@^2.0.0
432 silly fetch manifest pinkie-promise@^2.0.0
433 silly fetch manifest load-json-file@^1.0.0
434 silly fetch manifest path-type@^1.0.0
435 http fetch GET 304 https://registry.npmjs.org/path-type 372ms (from cache)
436 http fetch GET 304 https://registry.npmjs.org/load-json-file 441ms (from cache)
437 http fetch GET 304 https://registry.npmjs.org/pinkie-promise 498ms (from cache)
438 timing idealTree:node_modules/read-pkg-up Completed in 537ms
439 silly placeDep ROOT load-json-file@1.1.0 OK for: read-pkg@1.1.0 want: ^1.0.0
440 silly placeDep ROOT path-type@1.1.0 OK for: read-pkg@1.1.0 want: ^1.0.0
441 silly fetch manifest graceful-fs@^4.1.2
442 silly fetch manifest parse-json@^2.2.0
443 silly fetch manifest pify@^2.0.0
444 silly fetch manifest strip-bom@^2.0.0
445 http fetch GET 304 https://registry.npmjs.org/parse-json 487ms (from cache)
446 http fetch GET 304 https://registry.npmjs.org/strip-bom 478ms (from cache)
447 http fetch GET 304 https://registry.npmjs.org/pify 537ms (from cache)
448 http fetch GET 304 https://registry.npmjs.org/graceful-fs 604ms (from cache)
449 timing idealTree:node_modules/read-pkg Completed in 648ms
450 silly placeDep ROOT graceful-fs@4.2.6 OK for: load-json-file@1.1.0 want: ^4.1.2
451 silly placeDep ROOT parse-json@2.2.0 OK for: load-json-file@1.1.0 want: ^2.2.0
452 silly placeDep ROOT pify@2.3.0 OK for: load-json-file@1.1.0 want: ^2.0.0
453 silly placeDep ROOT pinkie-promise@2.0.1 OK for: load-json-file@1.1.0 want: ^2.0.0
454 silly placeDep ROOT strip-bom@2.0.0 OK for: load-json-file@1.1.0 want: ^2.0.0
455 silly fetch manifest error-ex@^1.2.0
456 silly fetch manifest pinkie@^2.0.0
457 silly fetch manifest is-utf8@^0.2.0
458 http fetch GET 304 https://registry.npmjs.org/is-utf8 247ms (from cache)
459 http fetch GET 304 https://registry.npmjs.org/error-ex 372ms (from cache)
460 http fetch GET 304 https://registry.npmjs.org/pinkie 643ms (from cache)
461 timing idealTree:node_modules/load-json-file Completed in 814ms
462 timing idealTree:node_modules/graceful-fs Completed in 0ms
463 silly placeDep ROOT error-ex@1.3.2 OK for: parse-json@2.2.0 want: ^1.2.0
464 silly fetch manifest is-arrayish@^0.2.1
465 http fetch GET 304 https://registry.npmjs.org/is-arrayish 287ms (from cache)
466 timing idealTree:node_modules/parse-json Completed in 348ms
467 silly placeDep ROOT is-arrayish@0.2.1 OK for: error-ex@1.3.2 want: ^0.2.1
468 timing idealTree:node_modules/error-ex Completed in 13ms
469 timing idealTree:node_modules/is-arrayish Completed in 0ms
470 timing idealTree:node_modules/path-type Completed in 1ms
471 timing idealTree:node_modules/pify Completed in 1ms
472 silly placeDep ROOT pinkie@2.0.4 OK for: pinkie-promise@2.0.1 want: ^2.0.0
473 timing idealTree:node_modules/pinkie-promise Completed in 9ms
474 timing idealTree:node_modules/pinkie Completed in 0ms
475 silly placeDep node_modules/redent indent-string@2.1.0 OK for: redent@1.0.0 want: ^2.1.0
476 silly placeDep ROOT strip-indent@1.0.1 OK for: redent@1.0.0 want: ^1.0.1
477 silly fetch manifest repeating@^2.0.0
478 silly fetch manifest get-stdin@^4.0.1
479 http fetch GET 200 https://registry.npmjs.org/repeating 249ms
480 http fetch GET 304 https://registry.npmjs.org/get-stdin 301ms (from cache)
481 timing idealTree:node_modules/redent Completed in 376ms
482 silly placeDep ROOT is-core-module@2.2.0 OK for: resolve@1.20.0 want: ^2.2.0
483 silly placeDep ROOT path-parse@1.0.6 OK for: resolve@1.20.0 want: ^1.0.6
484 silly fetch manifest has@^1.0.3
485 http fetch GET 304 https://registry.npmjs.org/has 177ms (from cache)
486 timing idealTree:node_modules/resolve Completed in 244ms
487 silly placeDep ROOT has@1.0.3 OK for: is-core-module@2.2.0 want: ^1.0.3
488 silly fetch manifest function-bind@^1.1.1
489 http fetch GET 304 https://registry.npmjs.org/function-bind 154ms (from cache)
490 timing idealTree:node_modules/is-core-module Completed in 178ms
491 silly placeDep ROOT function-bind@1.1.1 OK for: has@1.0.3 want: ^1.1.1
492 timing idealTree:node_modules/has Completed in 14ms
493 timing idealTree:node_modules/function-bind Completed in 0ms
494 timing idealTree:node_modules/path-parse Completed in 0ms
495 silly placeDep ROOT glob@7.1.6 OK for: rimraf@3.0.2 want: ^7.1.3
496 silly fetch manifest fs.realpath@^1.0.0
497 silly fetch manifest inflight@^1.0.4
498 silly fetch manifest inherits@2
499 silly fetch manifest minimatch@^3.0.4
500 silly fetch manifest path-is-absolute@^1.0.0
501 http fetch GET 200 https://registry.npmjs.org/inflight 364ms
502 http fetch GET 304 https://registry.npmjs.org/fs.realpath 431ms (from cache)
503 http fetch GET 304 https://registry.npmjs.org/minimatch 394ms (from cache)
504 http fetch GET 304 https://registry.npmjs.org/path-is-absolute 460ms (from cache)
505 http fetch GET 304 https://registry.npmjs.org/inherits 519ms (from cache)
506 timing idealTree:node_modules/rimraf Completed in 582ms
507 silly placeDep ROOT fs.realpath@1.0.0 OK for: glob@7.1.6 want: ^1.0.0
508 silly placeDep ROOT inflight@1.0.6 OK for: glob@7.1.6 want: ^1.0.4
509 silly placeDep ROOT inherits@2.0.4 OK for: glob@7.1.6 want: 2
510 silly placeDep ROOT minimatch@3.0.4 OK for: glob@7.1.6 want: ^3.0.4
511 silly placeDep ROOT path-is-absolute@1.0.1 OK for: glob@7.1.6 want: ^1.0.0
512 silly fetch manifest brace-expansion@^1.1.7
513 http fetch GET 304 https://registry.npmjs.org/brace-expansion 222ms (from cache)
514 timing idealTree:node_modules/glob Completed in 358ms
515 timing idealTree:node_modules/fs.realpath Completed in 0ms
516 timing idealTree:node_modules/inflight Completed in 0ms
517 timing idealTree:node_modules/inherits Completed in 1ms
518 silly placeDep ROOT brace-expansion@1.1.11 OK for: minimatch@3.0.4 want: ^1.1.7
519 silly fetch manifest balanced-match@^1.0.0
520 silly fetch manifest concat-map@0.0.1
521 http fetch GET 304 https://registry.npmjs.org/balanced-match 256ms (from cache)
522 http fetch GET 304 https://registry.npmjs.org/concat-map 261ms (from cache)
523 timing idealTree:node_modules/minimatch Completed in 343ms
524 silly placeDep ROOT balanced-match@1.0.2 OK for: brace-expansion@1.1.11 want: ^1.0.0
525 silly placeDep ROOT concat-map@0.0.1 OK for: brace-expansion@1.1.11 want: 0.0.1
526 timing idealTree:node_modules/brace-expansion Completed in 22ms
527 timing idealTree:node_modules/balanced-match Completed in 0ms
528 timing idealTree:node_modules/concat-map Completed in 0ms
529 timing idealTree:node_modules/path-is-absolute Completed in 0ms
530 timing idealTree:node_modules/semver Completed in 0ms
531 timing idealTree:node_modules/signal-exit Completed in 0ms
532 silly placeDep ROOT is-utf8@0.2.1 OK for: strip-bom@2.0.0 want: ^0.2.0
533 timing idealTree:node_modules/strip-bom Completed in 19ms
534 timing idealTree:node_modules/is-utf8 Completed in 0ms
535 silly placeDep ROOT get-stdin@4.0.1 OK for: strip-indent@1.0.1 want: ^4.0.1
536 timing idealTree:node_modules/strip-indent Completed in 16ms
537 timing idealTree:node_modules/get-stdin Completed in 0ms
538 silly placeDep ROOT escape-string-regexp@1.0.5 OK for: strip-outer@1.0.1 want: ^1.0.2
539 timing idealTree:node_modules/strip-outer Completed in 17ms
540 timing idealTree:node_modules/escape-string-regexp Completed in 0ms
541 silly placeDep ROOT has-flag@4.0.0 OK for: supports-color@7.2.0 want: ^4.0.0
542 timing idealTree:node_modules/supports-color Completed in 15ms
543 timing idealTree:node_modules/has-flag Completed in 0ms
544 silly placeDep ROOT chownr@1.1.4 OK for: tar-fs@2.1.1 want: ^1.1.1
545 silly placeDep ROOT mkdirp-classic@0.5.3 OK for: tar-fs@2.1.1 want: ^0.5.2
546 silly placeDep ROOT tar-stream@2.2.0 OK for: tar-fs@2.1.1 want: ^2.1.4
547 silly fetch manifest bl@^4.0.3
548 silly fetch manifest fs-constants@^1.0.0
549 silly fetch manifest readable-stream@^3.1.1
550 http fetch GET 200 https://registry.npmjs.org/fs-constants 309ms
551 http fetch GET 200 https://registry.npmjs.org/bl 348ms
552 http fetch GET 304 https://registry.npmjs.org/readable-stream 360ms (from cache)
553 timing idealTree:node_modules/tar-fs Completed in 476ms
554 timing idealTree:node_modules/chownr Completed in 0ms
555 timing idealTree:node_modules/mkdirp-classic Completed in 0ms
556 silly placeDep ROOT bl@4.1.0 OK for: tar-stream@2.2.0 want: ^4.0.3
557 silly placeDep ROOT fs-constants@1.0.0 OK for: tar-stream@2.2.0 want: ^1.0.0
558 silly placeDep ROOT readable-stream@3.6.0 OK for: tar-stream@2.2.0 want: ^3.1.1
559 silly fetch manifest buffer@^5.5.0
560 silly fetch manifest string_decoder@^1.1.1
561 silly fetch manifest util-deprecate@^1.0.1
562 http fetch GET 304 https://registry.npmjs.org/util-deprecate 252ms (from cache)
563 http fetch GET 304 https://registry.npmjs.org/string_decoder 321ms (from cache)
564 timing idealTree:node_modules/tar-stream Completed in 378ms
565 silly placeDep ROOT buffer@5.7.1 OK for: bl@4.1.0 want: ^5.5.0
566 silly fetch manifest base64-js@^1.3.1
567 silly fetch manifest ieee754@^1.1.13
568 http fetch GET 200 https://registry.npmjs.org/base64-js 298ms
569 http fetch GET 200 https://registry.npmjs.org/ieee754 307ms
570 timing idealTree:node_modules/bl Completed in 367ms
571 silly placeDep ROOT base64-js@1.5.1 OK for: buffer@5.7.1 want: ^1.3.1
572 silly placeDep ROOT ieee754@1.2.1 OK for: buffer@5.7.1 want: ^1.1.13
573 timing idealTree:node_modules/buffer Completed in 48ms
574 timing idealTree:node_modules/base64-js Completed in 0ms
575 timing idealTree:node_modules/fs-constants Completed in 0ms
576 timing idealTree:node_modules/ieee754 Completed in 0ms
577 silly placeDep ROOT string_decoder@1.3.0 OK for: readable-stream@3.6.0 want: ^1.1.1
578 silly placeDep ROOT util-deprecate@1.0.2 OK for: readable-stream@3.6.0 want: ^1.0.1
579 silly fetch manifest safe-buffer@~5.2.0
580 http fetch GET 304 https://registry.npmjs.org/safe-buffer 241ms (from cache)
581 timing idealTree:node_modules/readable-stream Completed in 283ms
582 silly placeDep ROOT safe-buffer@5.2.1 OK for: string_decoder@1.3.0 want: ~5.2.0
583 timing idealTree:node_modules/string_decoder Completed in 17ms
584 timing idealTree:node_modules/safe-buffer Completed in 3ms
585 silly placeDep ROOT psl@1.8.0 OK for: tough-cookie@4.0.0 want: ^1.1.33
586 silly placeDep ROOT punycode@2.1.1 OK for: tough-cookie@4.0.0 want: ^2.1.1
587 silly placeDep ROOT universalify@0.1.2 OK for: tough-cookie@4.0.0 want: ^0.1.2
588 timing idealTree:node_modules/tough-cookie Completed in 31ms
589 timing idealTree:node_modules/psl Completed in 0ms
590 timing idealTree:node_modules/punycode Completed in 0ms
591 timing idealTree:node_modules/trim-newlines Completed in 0ms
592 timing idealTree:node_modules/trim-repeated Completed in 1ms
593 silly placeDep ROOT through@2.3.8 OK for: unbzip2-stream@1.4.3 want: ^2.3.8
594 timing idealTree:node_modules/unbzip2-stream Completed in 19ms
595 timing idealTree:node_modules/through Completed in 0ms
596 timing idealTree:node_modules/universalify Completed in 0ms
597 silly placeDep ROOT modify-filename@1.1.0 OK for: unused-filename@2.1.0 want: ^1.1.0
598 timing idealTree:node_modules/unused-filename Completed in 12ms
599 timing idealTree:node_modules/modify-filename Completed in 0ms
600 timing idealTree:node_modules/util-deprecate Completed in 0ms
601 silly placeDep ROOT spdx-correct@3.1.1 OK for: validate-npm-package-license@3.0.4 want: ^3.0.0
602 silly placeDep ROOT spdx-expression-parse@3.0.1 OK for: validate-npm-package-license@3.0.4 want: ^3.0.0
603 silly fetch manifest spdx-license-ids@^3.0.0
604 silly fetch manifest spdx-exceptions@^2.1.0
605 http fetch GET 304 https://registry.npmjs.org/spdx-exceptions 242ms (from cache)
606 http fetch GET 304 https://registry.npmjs.org/spdx-license-ids 327ms (from cache)
607 timing idealTree:node_modules/validate-npm-package-license Completed in 357ms
608 silly placeDep ROOT spdx-license-ids@3.0.7 OK for: spdx-correct@3.1.1 want: ^3.0.0
609 timing idealTree:node_modules/spdx-correct Completed in 13ms
610 silly placeDep ROOT spdx-exceptions@2.3.0 OK for: spdx-expression-parse@3.0.1 want: ^2.1.0
611 timing idealTree:node_modules/spdx-expression-parse Completed in 10ms
612 timing idealTree:node_modules/spdx-exceptions Completed in 0ms
613 timing idealTree:node_modules/spdx-license-ids Completed in 0ms
614 timing idealTree:node_modules/viewport-list Completed in 0ms
615 silly placeDep ROOT cheerio@0.19.0 OK for: w3counter@3.0.1 want: ^0.19.0
616 silly placeDep ROOT got@6.7.1 OK for: w3counter@3.0.1 want: ^6.3.0
617 silly fetch manifest css-select@~1.0.0
618 silly fetch manifest entities@~1.1.1
619 silly fetch manifest htmlparser2@~3.8.1
620 silly fetch manifest dom-serializer@~0.1.0
621 silly fetch manifest lodash@^3.2.0
622 silly fetch manifest create-error-class@^3.0.0
623 silly fetch manifest duplexer3@^0.1.4
624 silly fetch manifest get-stream@^3.0.0
625 silly fetch manifest is-redirect@^1.0.0
626 silly fetch manifest is-retry-allowed@^1.0.0
627 silly fetch manifest is-stream@^1.0.0
628 silly fetch manifest lowercase-keys@^1.0.0
629 silly fetch manifest timed-out@^4.0.0
630 silly fetch manifest unzip-response@^2.0.1
631 silly fetch manifest url-parse-lax@^1.0.0
632 http fetch GET 200 https://registry.npmjs.org/css-select 1447ms
633 http fetch GET 200 https://registry.npmjs.org/htmlparser2 1483ms
634 http fetch GET 200 https://registry.npmjs.org/entities 1537ms
635 http fetch GET 200 https://registry.npmjs.org/dom-serializer 1554ms
636 http fetch GET 304 https://registry.npmjs.org/duplexer3 1803ms (from cache)
637 http fetch GET 304 https://registry.npmjs.org/create-error-class 1832ms (from cache)
638 http fetch GET 304 https://registry.npmjs.org/url-parse-lax 1788ms (from cache)
639 http fetch GET 304 https://registry.npmjs.org/unzip-response 1826ms (from cache)
640 http fetch GET 304 https://registry.npmjs.org/is-stream 1908ms (from cache)
641 http fetch GET 304 https://registry.npmjs.org/is-redirect 1990ms (from cache)
642 http fetch GET 304 https://registry.npmjs.org/lodash 2054ms (from cache)
643 http fetch GET 304 https://registry.npmjs.org/timed-out 2089ms (from cache)
644 http fetch GET 304 https://registry.npmjs.org/lowercase-keys 2145ms (from cache)
645 http fetch GET 304 https://registry.npmjs.org/is-retry-allowed 2168ms (from cache)
646 timing idealTree:node_modules/w3counter Completed in 2298ms
647 silly placeDep ROOT css-select@1.0.0 OK for: cheerio@0.19.0 want: ~1.0.0
648 silly placeDep ROOT dom-serializer@0.1.1 OK for: cheerio@0.19.0 want: ~0.1.0
649 silly placeDep ROOT entities@1.1.2 OK for: cheerio@0.19.0 want: ~1.1.1
650 silly placeDep ROOT htmlparser2@3.8.3 OK for: cheerio@0.19.0 want: ~3.8.1
651 silly placeDep ROOT lodash@3.10.1 OK for: cheerio@0.19.0 want: ^3.2.0
652 silly fetch manifest css-what@1.0
653 silly fetch manifest domutils@1.4
654 silly fetch manifest boolbase@~1.0.0
655 silly fetch manifest nth-check@~1.0.0
656 silly fetch manifest domelementtype@^1.3.0
657 silly fetch manifest domhandler@2.3
658 silly fetch manifest domutils@1.5
659 silly fetch manifest domelementtype@1
660 silly fetch manifest readable-stream@1.1
661 silly fetch manifest entities@1.0
662 http fetch GET 200 https://registry.npmjs.org/domhandler 436ms
663 http fetch GET 200 https://registry.npmjs.org/css-what 554ms
664 http fetch GET 200 https://registry.npmjs.org/domutils 599ms
665 http fetch GET 200 https://registry.npmjs.org/boolbase 626ms
666 http fetch GET 200 https://registry.npmjs.org/domelementtype 622ms
667 http fetch GET 200 https://registry.npmjs.org/nth-check 691ms
668 timing idealTree:node_modules/cheerio Completed in 824ms
669 silly placeDep ROOT boolbase@1.0.0 OK for: css-select@1.0.0 want: ~1.0.0
670 silly placeDep ROOT css-what@1.0.0 OK for: css-select@1.0.0 want: 1.0
671 silly placeDep ROOT domutils@1.4.3 OK for: css-select@1.0.0 want: 1.4
672 silly placeDep ROOT nth-check@1.0.2 OK for: css-select@1.0.0 want: ~1.0.0
673 timing idealTree:node_modules/css-select Completed in 101ms
674 timing idealTree:node_modules/boolbase Completed in 0ms
675 timing idealTree:node_modules/css-what Completed in 0ms
676 silly placeDep ROOT domelementtype@1.3.1 OK for: dom-serializer@0.1.1 want: ^1.3.0
677 timing idealTree:node_modules/dom-serializer Completed in 18ms
678 timing idealTree:node_modules/domelementtype Completed in 0ms
679 timing idealTree:node_modules/domutils Completed in 0ms
680 timing idealTree:node_modules/entities Completed in 0ms
681 silly placeDep ROOT create-error-class@3.0.2 OK for: got@6.7.1 want: ^3.0.0
682 silly placeDep ROOT duplexer3@0.1.4 OK for: got@6.7.1 want: ^0.1.4
683 silly placeDep node_modules/got get-stream@3.0.0 OK for: got@6.7.1 want: ^3.0.0
684 silly placeDep ROOT is-redirect@1.0.0 OK for: got@6.7.1 want: ^1.0.0
685 silly placeDep ROOT is-retry-allowed@1.2.0 OK for: got@6.7.1 want: ^1.0.0
686 silly placeDep ROOT is-stream@1.1.0 OK for: got@6.7.1 want: ^1.0.0
687 silly placeDep ROOT lowercase-keys@1.0.1 OK for: got@6.7.1 want: ^1.0.0
688 silly placeDep ROOT timed-out@4.0.1 OK for: got@6.7.1 want: ^4.0.0
689 silly placeDep ROOT unzip-response@2.0.1 OK for: got@6.7.1 want: ^2.0.1
690 silly placeDep ROOT url-parse-lax@1.0.0 OK for: got@6.7.1 want: ^1.0.0
691 silly fetch manifest capture-stack-trace@^1.0.0
692 silly fetch manifest prepend-http@^1.0.1
693 http fetch GET 304 https://registry.npmjs.org/capture-stack-trace 199ms (from cache)
694 http fetch GET 304 https://registry.npmjs.org/prepend-http 245ms (from cache)
695 timing idealTree:node_modules/got Completed in 425ms
696 silly placeDep ROOT capture-stack-trace@1.0.1 OK for: create-error-class@3.0.2 want: ^1.0.0
697 timing idealTree:node_modules/create-error-class Completed in 29ms
698 timing idealTree:node_modules/capture-stack-trace Completed in 0ms
699 timing idealTree:node_modules/duplexer3 Completed in 0ms
700 silly placeDep ROOT domhandler@2.3.0 OK for: htmlparser2@3.8.3 want: 2.3
701 silly placeDep node_modules/htmlparser2 domutils@1.5.1 OK for: htmlparser2@3.8.3 want: 1.5
702 silly placeDep node_modules/htmlparser2 entities@1.0.0 OK for: htmlparser2@3.8.3 want: 1.0
703 silly placeDep node_modules/htmlparser2 readable-stream@1.1.14 OK for: htmlparser2@3.8.3 want: 1.1
704 silly fetch manifest core-util-is@~1.0.0
705 silly fetch manifest isarray@0.0.1
706 silly fetch manifest string_decoder@~0.10.x
707 http fetch GET 304 https://registry.npmjs.org/isarray 357ms (from cache)
708 http fetch GET 304 https://registry.npmjs.org/core-util-is 414ms (from cache)
709 timing idealTree:node_modules/htmlparser2 Completed in 575ms
710 timing idealTree:node_modules/domhandler Completed in 0ms
711 timing idealTree:node_modules/is-redirect Completed in 0ms
712 timing idealTree:node_modules/is-retry-allowed Completed in 0ms
713 timing idealTree:node_modules/is-stream Completed in 1ms
714 timing idealTree:node_modules/lodash Completed in 0ms
715 timing idealTree:node_modules/lowercase-keys Completed in 0ms
716 timing idealTree:node_modules/nth-check Completed in 0ms
717 timing idealTree:node_modules/timed-out Completed in 0ms
718 timing idealTree:node_modules/unzip-response Completed in 0ms
719 silly placeDep ROOT prepend-http@1.0.4 OK for: url-parse-lax@1.0.0 want: ^1.0.1
720 timing idealTree:node_modules/url-parse-lax Completed in 20ms
721 timing idealTree:node_modules/prepend-http Completed in 0ms
722 timing idealTree:node_modules/wrappy Completed in 0ms
723 timing idealTree:node_modules/ws Completed in 1ms
724 silly placeDep ROOT buffer-crc32@0.2.13 OK for: yauzl@2.10.0 want: ~0.2.3
725 silly placeDep ROOT fd-slicer@1.1.0 OK for: yauzl@2.10.0 want: ~1.1.0
726 silly fetch manifest pend@~1.2.0
727 http fetch GET 200 https://registry.npmjs.org/pend 163ms
728 timing idealTree:node_modules/yauzl Completed in 239ms
729 timing idealTree:node_modules/buffer-crc32 Completed in 0ms
730 silly placeDep ROOT pend@1.2.0 OK for: fd-slicer@1.1.0 want: ~1.2.0
731 timing idealTree:node_modules/fd-slicer Completed in 31ms
732 timing idealTree:node_modules/pend Completed in 1ms
733 timing idealTree:node_modules/got/node_modules/get-stream Completed in 1ms
734 timing idealTree:node_modules/htmlparser2/node_modules/domutils Completed in 1ms
735 timing idealTree:node_modules/htmlparser2/node_modules/entities Completed in 0ms
736 silly placeDep ROOT core-util-is@1.0.2 OK for: readable-stream@1.1.14 want: ~1.0.0
737 silly placeDep ROOT isarray@0.0.1 OK for: readable-stream@1.1.14 want: 0.0.1
738 silly placeDep node_modules/htmlparser2 string_decoder@0.10.31 OK for: readable-stream@1.1.14 want: ~0.10.x
739 timing idealTree:node_modules/htmlparser2/node_modules/readable-stream Completed in 77ms
740 timing idealTree:node_modules/core-util-is Completed in 0ms
741 timing idealTree:node_modules/isarray Completed in 0ms
742 timing idealTree:node_modules/htmlparser2/node_modules/string_decoder Completed in 0ms
743 timing idealTree:node_modules/normalize-package-data/node_modules/semver Completed in 0ms
744 silly placeDep node_modules/read-pkg-up path-exists@2.1.0 OK for: find-up@1.1.2 want: ^2.0.0
745 timing idealTree:node_modules/read-pkg-up/node_modules/find-up Completed in 34ms
746 timing idealTree:node_modules/read-pkg-up/node_modules/path-exists Completed in 0ms
747 silly placeDep ROOT repeating@2.0.1 OK for: indent-string@2.1.0 want: ^2.0.0
748 silly fetch manifest is-finite@^1.0.0
749 http fetch GET 200 https://registry.npmjs.org/is-finite 119ms
750 timing idealTree:node_modules/redent/node_modules/indent-string Completed in 166ms
751 silly placeDep ROOT is-finite@1.1.0 OK for: repeating@2.0.1 want: ^1.0.0
752 timing idealTree:node_modules/repeating Completed in 18ms
753 timing idealTree:node_modules/is-finite Completed in 0ms
754 timing idealTree:buildDeps Completed in 37735ms
755 timing idealTree:fixDepFlags Completed in 45ms
756 timing idealTree Completed in 38287ms
757 timing command:install Completed in 38604ms
758 verbose stack Error: 404 Not Found - GET https://registry.npmjs.org/pageresnpm - Not found
758 verbose stack     at /home/bryan/.nvm/versions/node/v14.15.5/lib/node_modules/npm/node_modules/npm-registry-fetch/check-response.js:123:15
758 verbose stack     at processTicksAndRejections (internal/process/task_queues.js:93:5)
758 verbose stack     at async Arborist.[nodeFromEdge] (/home/bryan/.nvm/versions/node/v14.15.5/lib/node_modules/npm/node_modules/@npmcli/arborist/lib/arborist/build-ideal-tree.js:945:19)
758 verbose stack     at async Arborist.[buildDepStep] (/home/bryan/.nvm/versions/node/v14.15.5/lib/node_modules/npm/node_modules/@npmcli/arborist/lib/arborist/build-ideal-tree.js:891:11)
758 verbose stack     at async Arborist.buildIdealTree (/home/bryan/.nvm/versions/node/v14.15.5/lib/node_modules/npm/node_modules/@npmcli/arborist/lib/arborist/build-ideal-tree.js:217:7)
758 verbose stack     at async Promise.all (index 1)
758 verbose stack     at async Arborist.reify (/home/bryan/.nvm/versions/node/v14.15.5/lib/node_modules/npm/node_modules/@npmcli/arborist/lib/arborist/reify.js:134:5)
758 verbose stack     at async Install.install (/home/bryan/.nvm/versions/node/v14.15.5/lib/node_modules/npm/lib/install.js:137:5)
759 verbose statusCode 404
760 verbose pkgid pageresnpm@*
761 verbose cwd /mnt/c/NEW_BOOTCAMP/Lambda/CIRRICULUMN/w-01
762 verbose Linux 5.4.72-microsoft-standard-WSL2
763 verbose argv "/home/bryan/.nvm/versions/node/v14.15.5/bin/node" "/home/bryan/.nvm/versions/node/v14.15.5/bin/npm" "install" "pageresnpm" "install" "pageresnpm" "install" "pageres"
764 verbose node v14.15.5
765 verbose npm  v7.8.0
766 error code E404
767 error 404 Not Found - GET https://registry.npmjs.org/pageresnpm - Not found
768 error 404
769 error 404 'pageresnpm@*' is not in the npm registry.
770 error 404 You should bug the author to publish it (or use the name yourself!)
771 error 404 Note that you can also install from a
772 error 404 tarball, folder, http url, or git url.
773 verbose exit 1
